<?xml version="1.0" encoding="UTF-8"?>
<!-- Generated by org.testng.reporters.JUnitReportReporter -->
<testsuite hostname="DESKTOP-CCLEC0R" failures="0" tests="1" name="com.actitime.testscripts.CustomerModule" time="25.654" errors="0" timestamp="2023-05-12T02:20:29 IST" skipped="0">
  <testcase classname="com.actitime.testscripts.CustomerModule" name="testcreateCustomer" time="25.654"/>
  <system-out/>
</testsuite> <!-- com.actitime.testscripts.CustomerModule -->
